kotlin version: 2.0.21
error message: java.lang.OutOfMemoryError: GC overhead limit exceeded
	at java.base/java.util.Arrays.copyOfRangeByte(Unknown Source)
	at java.base/java.util.Arrays.copyOfRange(Unknown Source)
	at java.base/java.lang.StringLatin1.newString(Unknown Source)
	at java.base/java.lang.String.substring(Unknown Source)
	at java.base/java.lang.String.substring(Unknown Source)
	at org.jetbrains.kotlin.com.intellij.openapi.util.io.FileUtilRt.getExtension(FileUtilRt.java:270)
	at org.jetbrains.kotlin.com.intellij.core.CoreFileTypeRegistry.getFileTypeByFileName(CoreFileTypeRegistry.java:51)
	at org.jetbrains.kotlin.com.intellij.openapi.fileTypes.FileTypeRegistry.getFileTypeByFileName(FileTypeRegistry.java:94)
	at org.jetbrains.kotlin.com.intellij.core.CoreFileTypeRegistry.getFileTypeByFile(CoreFileTypeRegistry.java:46)
	at org.jetbrains.kotlin.com.intellij.openapi.vfs.VirtualFile.getFileType(VirtualFile.java:356)
	at org.jetbrains.kotlin.cli.jvm.modules.CliJavaModuleResolver.findJavaModule(CliJavaModuleResolver.kt:60)
	at org.jetbrains.kotlin.cli.jvm.modules.CliJavaModuleResolver.checkAccessibility(CliJavaModuleResolver.kt:74)
	at org.jetbrains.kotlin.fir.analysis.jvm.checkers.expression.FirJvmModuleAccessibilityQualifiedAccessChecker.checkPackageAccess$checkers_jvm(FirJvmModuleAccessibilityQualifiedAccessChecker.kt:73)
	at org.jetbrains.kotlin.fir.analysis.jvm.checkers.expression.FirJvmModuleAccessibilityQualifiedAccessChecker.checkClassAccess$checkers_jvm(FirJvmModuleAccessibilityQualifiedAccessChecker.kt:61)
	at org.jetbrains.kotlin.fir.analysis.jvm.checkers.expression.FirJvmModuleAccessibilityQualifiedAccessChecker.check(FirJvmModuleAccessibilityQualifiedAccessChecker.kt:42)
	at org.jetbrains.kotlin.fir.analysis.jvm.checkers.expression.FirJvmModuleAccessibilityQualifiedAccessChecker.check(FirJvmModuleAccessibilityQualifiedAccessChecker.kt:34)
	at org.jetbrains.kotlin.fir.analysis.collectors.components.ExpressionCheckersDiagnosticComponent.check(ExpressionCheckersDiagnosticComponent.kt:266)
	at org.jetbrains.kotlin.fir.analysis.collectors.components.ExpressionCheckersDiagnosticComponent.visitFunctionCall(ExpressionCheckersDiagnosticComponent.kt:74)
	at org.jetbrains.kotlin.fir.analysis.collectors.components.ExpressionCheckersDiagnosticComponent.visitFunctionCall(ExpressionCheckersDiagnosticComponent.kt:19)
	at org.jetbrains.kotlin.fir.expressions.FirFunctionCall.accept(FirFunctionCall.kt:41)
	at org.jetbrains.kotlin.fir.analysis.collectors.CheckerRunningDiagnosticCollectorVisitor.checkElement(CheckerRunningDiagnosticCollectorVisitor.kt:24)
	at org.jetbrains.kotlin.fir.analysis.collectors.AbstractDiagnosticCollectorVisitor.visitElement(AbstractDiagnosticCollectorVisitor.kt:48)
	at org.jetbrains.kotlin.fir.analysis.collectors.AbstractDiagnosticCollectorVisitor.visitWithCallOrAssignment(AbstractDiagnosticCollectorVisitor.kt:346)
	at org.jetbrains.kotlin.fir.analysis.collectors.AbstractDiagnosticCollectorVisitor.visitFunctionCall(AbstractDiagnosticCollectorVisitor.kt:255)
	at org.jetbrains.kotlin.fir.analysis.collectors.AbstractDiagnosticCollectorVisitor.visitFunctionCall(AbstractDiagnosticCollectorVisitor.kt:30)
	at org.jetbrains.kotlin.fir.expressions.FirFunctionCall.accept(FirFunctionCall.kt:41)
	at org.jetbrains.kotlin.fir.declarations.impl.FirPropertyImpl.acceptChildren(FirPropertyImpl.kt:75)
	at org.jetbrains.kotlin.fir.analysis.collectors.AbstractDiagnosticCollectorVisitor.visitNestedElements(AbstractDiagnosticCollectorVisitor.kt:38)
	at org.jetbrains.kotlin.fir.analysis.collectors.AbstractDiagnosticCollectorVisitor.visitProperty(AbstractDiagnosticCollectorVisitor.kt:879)
	at org.jetbrains.kotlin.fir.analysis.collectors.AbstractDiagnosticCollectorVisitor.visitProperty(AbstractDiagnosticCollectorVisitor.kt:30)
	at org.jetbrains.kotlin.fir.declarations.FirProperty.accept(FirProperty.kt:58)
	at org.jetbrains.kotlin.fir.expressions.impl.FirBlockImpl.acceptChildren(FirBlockImpl.kt:36)


